<?xml version="1.0" encoding="UTF-8"?>
<!-- Generated by org.testng.reporters.JUnitReportReporter -->
<testsuite skipped="0" hostname="DESKTOP-VTBT3RG" name="TestNGConcepts.Fristclass" tests="2" failures="0" timestamp="2023-02-11T12:58:05 IST" time="0.011" errors="0">
  <testcase name="Testcase2" time="0.007" classname="TestNGConcepts.Fristclass"/>
  <system-out/>
  <testcase name="Testcase3" time="0.004" classname="TestNGConcepts.Fristclass"/>
  <system-out/>
</testsuite> <!-- TestNGConcepts.Fristclass -->
