<?xml version="1.0" encoding="UTF-8"?>
<!-- Generated by org.testng.reporters.JUnitReportReporter -->
<testsuite skipped="0" hostname="DESKTOP-VTBT3RG" name="TestNGConcepts.SecondClass" tests="2" failures="0" timestamp="2023-02-11T12:57:03 IST" time="0.003" errors="0">
  <testcase name="Testcase4" time="0.003" classname="TestNGConcepts.SecondClass"/>
  <system-out/>
  <testcase name="Testcase5" time="0.000" classname="TestNGConcepts.SecondClass"/>
  <system-out/>
</testsuite> <!-- TestNGConcepts.SecondClass -->
