<?xml version="1.0" encoding="UTF-8"?>
<!-- Generated by org.testng.reporters.JUnitReportReporter -->
<testsuite skipped="0" hostname="DESKTOP-VTBT3RG" name="Testcase.Facebooklogin" tests="4" failures="0" timestamp="2023-02-18T12:25:29 IST" time="25.131" errors="0">
  <testcase name="FacebookLoginwithValidData" time="6.660" classname="Testcase.Facebooklogin"/>
  <system-out/>
  <testcase name="FacebookLoginwithValidData" time="6.456" classname="Testcase.Facebooklogin"/>
  <system-out/>
  <testcase name="FacebookLoginwithValidData" time="6.396" classname="Testcase.Facebooklogin"/>
  <system-out/>
  <testcase name="FacebookLoginwithValidData" time="5.619" classname="Testcase.Facebooklogin"/>
  <system-out/>
</testsuite> <!-- Testcase.Facebooklogin -->
