<?xml version="1.0" encoding="UTF-8"?>
<!-- Generated by org.testng.reporters.JUnitReportReporter -->
<testsuite skipped="0" hostname="DESKTOP-VTBT3RG" name="Testcase.Facebooklogin" tests="1" failures="0" timestamp="2023-02-12T13:12:39 IST" time="8.065" errors="0">
  <testcase name="FacebookLoginwithValidData" time="8.065" classname="Testcase.Facebooklogin"/>
  <system-out/>
</testsuite> <!-- Testcase.Facebooklogin -->
