<?xml version="1.0" encoding="UTF-8"?>
<!-- Generated by org.testng.reporters.JUnitReportReporter -->
<testsuite skipped="0" hostname="DESKTOP-VTBT3RG" name="Testcase.Facebooklogin" tests="4" failures="0" timestamp="2023-02-18T12:29:39 IST" time="28.086" errors="0">
  <testcase name="FacebookLoginwithValidData" time="7.569" classname="Testcase.Facebooklogin"/>
  <system-out/>
  <testcase name="FacebookLoginwithValidData" time="6.935" classname="Testcase.Facebooklogin"/>
  <system-out/>
  <testcase name="FacebookLoginwithValidData" time="6.788" classname="Testcase.Facebooklogin"/>
  <system-out/>
  <testcase name="FacebookLoginwithValidData" time="6.794" classname="Testcase.Facebooklogin"/>
  <system-out/>
</testsuite> <!-- Testcase.Facebooklogin -->
